[debug] [2023-04-20T12:13:03.656Z] ----------------------------------------------------------------------
[debug] [2023-04-20T12:13:03.659Z] Command:       C:\Program Files\nodejs\node.exe C:\Users\Usuario\AppData\Roaming\npm\node_modules\firebase-tools\lib\bin\firebase.js init hosting
[debug] [2023-04-20T12:13:03.661Z] CLI Version:   11.27.0
[debug] [2023-04-20T12:13:03.661Z] Platform:      win32
[debug] [2023-04-20T12:13:03.661Z] Node Version:  v16.13.2
[debug] [2023-04-20T12:13:03.663Z] Time:          Thu Apr 20 2023 07:13:03 GMT-0500 (hora estándar de Colombia)
[debug] [2023-04-20T12:13:03.663Z] ----------------------------------------------------------------------
[debug] 
[debug] [2023-04-20T12:13:03.681Z] > command requires scopes: ["email","openid","https://www.googleapis.com/auth/cloudplatformprojects.readonly","https://www.googleapis.com/auth/firebase","https://www.googleapis.com/auth/cloud-platform"]
[debug] [2023-04-20T12:13:03.681Z] > authorizing via signed-in user (dfajardovargas@gmail.com)
[info] 
     ######## #### ########  ######## ########     ###     ######  ########
     ##        ##  ##     ## ##       ##     ##  ##   ##  ##       ##
     ######    ##  ########  ######   ########  #########  ######  ######
     ##        ##  ##    ##  ##       ##     ## ##     ##       ## ##
     ##       #### ##     ## ######## ########  ##     ##  ######  ########

You're about to initialize a Firebase project in this directory:

  C:\Users\Usuario\Documents\Proyectos Visual Studio Code\Angular\portafolio-web

[info] 
=== Project Setup
[info] 
[info] First, let's associate this project directory with a Firebase project.
[info] You can create multiple project aliases by running firebase use --add, 
[info] but for now we'll just set up a default project.
[info] 
[debug] [2023-04-20T12:13:07.389Z] >>> [apiv2][query] GET https://firebase.googleapis.com/v1beta1/projects pageSize=100
[debug] [2023-04-20T12:13:08.121Z] <<< [apiv2][status] GET https://firebase.googleapis.com/v1beta1/projects 200
[debug] [2023-04-20T12:13:08.122Z] <<< [apiv2][body] GET https://firebase.googleapis.com/v1beta1/projects [omitted]
[info] i  Using project portfolio-web-90240 (portfolio-web) 
[info] 
=== Hosting Setup
[info] 
[info] Your public directory is the folder (relative to your project directory) that
[info] will contain Hosting assets to be uploaded with firebase deploy. If you
[info] have a build process for your assets, use your build's output directory.
[info] 
[debug] [2023-04-20T12:13:31.458Z] >>> [apiv2][query] GET https://www.gstatic.com/firebasejs/releases.json [none]
[debug] [2023-04-20T12:13:31.546Z] <<< [apiv2][status] GET https://www.gstatic.com/firebasejs/releases.json 200
[debug] [2023-04-20T12:13:31.547Z] <<< [apiv2][body] GET https://www.gstatic.com/firebasejs/releases.json {"current":{"version":"9.20.0","browserURL":"https://www.gstatic.com/firebasejs/9.20.0/firebase.js","packageURL":"https://www.gstatic.com/firebasejs/9.20.0/firebase.tgz"},"live":{"version":"9.20","browserURL":"https://www.gstatic.com/firebasejs/live/9.20/firebase.js","packageURL":"https://www.gstatic.com/firebasejs/live/9.20/firebase.tgz"},"components":{"analytics":"https://www.gstatic.com/firebasejs/9.20.0/firebase-analytics.js","app":"https://www.gstatic.com/firebasejs/9.20.0/firebase-app.js","app-check":"https://www.gstatic.com/firebasejs/9.20.0/firebase-app-check.js","auth":"https://www.gstatic.com/firebasejs/9.20.0/firebase-auth.js","auth/cordova":"https://www.gstatic.com/firebasejs/9.20.0/firebase-auth/cordova.js","auth/react-native":"https://www.gstatic.com/firebasejs/9.20.0/firebase-auth/react-native.js","functions":"https://www.gstatic.com/firebasejs/9.20.0/firebase-functions.js","firestore":"https://www.gstatic.com/firebasejs/9.20.0/firebase-firestore.js","firestore/lite":"https://www.gstatic.com/firebasejs/9.20.0/firebase-firestore/lite.js","installations":"https://www.gstatic.com/firebasejs/9.20.0/firebase-installations.js","storage":"https://www.gstatic.com/firebasejs/9.20.0/firebase-storage.js","performance":"https://www.gstatic.com/firebasejs/9.20.0/firebase-performance.js","remote-config":"https://www.gstatic.com/firebasejs/9.20.0/firebase-remote-config.js","messaging":"https://www.gstatic.com/firebasejs/9.20.0/firebase-messaging.js","messaging/sw":"https://www.gstatic.com/firebasejs/9.20.0/firebase-messaging/sw.js","database":"https://www.gstatic.com/firebasejs/9.20.0/firebase-database.js","firestore.memory":"https://www.gstatic.com/firebasejs/9.20.0/firebase-firestore.memory.js"}}
[info] +  Wrote public/index.html 
[info] 
[info] i  Detected a .git folder at C:\Users\Usuario\Documents\Proyectos Visual Studio Code\Angular\portafolio-web 
[info] i  Authorizing with GitHub to upload your service account to a GitHub repository's secrets store. 
[info] 
[info] Visit this URL on this device to log in:
[info] https://github.com/login/oauth/authorize?client_id=89cf50f02ac6aaed3484&state=254121495&redirect_uri=http%3A%2F%2Flocalhost%3A9005&scope=read%3Auser%20repo%20public_repo
[info] 
[info] Waiting for authentication...
[debug] [2023-04-20T12:13:42.944Z] >>> [apiv2][query] POST https://github.com/login/oauth/access_token [none]
[debug] [2023-04-20T12:13:42.944Z] >>> [apiv2][body] POST https://github.com/login/oauth/access_token [stream]
[debug] [2023-04-20T12:13:43.382Z] <<< [apiv2][status] POST https://github.com/login/oauth/access_token 200
[debug] [2023-04-20T12:13:43.382Z] <<< [apiv2][body] POST https://github.com/login/oauth/access_token {"access_token":"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","token_type":"bearer","scope":"read:user,repo"}
[debug] [2023-04-20T12:13:43.444Z] >>> [apiv2][query] GET https://api.github.com/user [none]
[debug] [2023-04-20T12:13:43.929Z] <<< [apiv2][status] GET https://api.github.com/user 200
[debug] [2023-04-20T12:13:43.929Z] <<< [apiv2][body] GET https://api.github.com/user {"login":"danifajardo","id":29932048,"node_id":"MDQ6VXNlcjI5OTMyMDQ4","avatar_url":"https://avatars.githubusercontent.com/u/29932048?v=4","gravatar_id":"","url":"https://api.github.com/users/danifajardo","html_url":"https://github.com/danifajardo","followers_url":"https://api.github.com/users/danifajardo/followers","following_url":"https://api.github.com/users/danifajardo/following{/other_user}","gists_url":"https://api.github.com/users/danifajardo/gists{/gist_id}","starred_url":"https://api.github.com/users/danifajardo/starred{/owner}{/repo}","subscriptions_url":"https://api.github.com/users/danifajardo/subscriptions","organizations_url":"https://api.github.com/users/danifajardo/orgs","repos_url":"https://api.github.com/users/danifajardo/repos","events_url":"https://api.github.com/users/danifajardo/events{/privacy}","received_events_url":"https://api.github.com/users/danifajardo/received_events","type":"User","site_admin":false,"name":null,"company":null,"blog":"","location":null,"email":null,"hireable":null,"bio":null,"twitter_username":null,"public_repos":7,"public_gists":0,"followers":1,"following":1,"created_at":"2017-07-05T21:53:31Z","updated_at":"2023-04-03T02:07:41Z","private_gists":0,"total_private_repos":0,"owned_private_repos":0,"disk_usage":58938,"collaborators":0,"two_factor_authentication":false,"plan":{"name":"free","space":976562499,"collaborators":0,"private_repos":10000}}
[info] 
[info] +  Success! Logged into GitHub as danifajardo 
[info] 
[debug] [2023-04-20T12:15:29.962Z] >>> [apiv2][query] GET https://api.github.com/repos/ danifajardo/potfolio-web/actions/secrets/public-key type=owner
[debug] [2023-04-20T12:15:30.332Z] <<< [apiv2][status] GET https://api.github.com/repos/ danifajardo/potfolio-web/actions/secrets/public-key 404
[debug] [2023-04-20T12:15:30.333Z] <<< [apiv2][body] GET https://api.github.com/repos/ danifajardo/potfolio-web/actions/secrets/public-key {"message":"Not Found","documentation_url":"https://docs.github.com/rest/reference/actions#get-a-repository-public-key"}
[info] 
[info] 
[error] !  The provided authorization cannot be used with this repository. If this repository is in an organization, did you remember to grant access? 
[info] 
[info] i  Action required: Visit this URL to ensure access has been granted to the appropriate organization(s) for the Firebase CLI GitHub OAuth App: 
[info] https://github.com/settings/connections/applications/89cf50f02ac6aaed3484
[info] 
[debug] [2023-04-20T12:16:02.764Z] >>> [apiv2][query] GET https://api.github.com/repos/ danifajardo/potfolio-web/actions/secrets/public-key type=owner
[debug] [2023-04-20T12:16:03.147Z] <<< [apiv2][status] GET https://api.github.com/repos/ danifajardo/potfolio-web/actions/secrets/public-key 404
[debug] [2023-04-20T12:16:03.147Z] <<< [apiv2][body] GET https://api.github.com/repos/ danifajardo/potfolio-web/actions/secrets/public-key {"message":"Not Found","documentation_url":"https://docs.github.com/rest/reference/actions#get-a-repository-public-key"}
[info] 
[info] 
[error] !  The provided authorization cannot be used with this repository. If this repository is in an organization, did you remember to grant access? 
[info] 
[info] i  Action required: Visit this URL to ensure access has been granted to the appropriate organization(s) for the Firebase CLI GitHub OAuth App: 
[info] https://github.com/settings/connections/applications/89cf50f02ac6aaed3484
[info] 
[debug] [2023-04-20T12:18:14.336Z] >>> [apiv2][query] GET https://api.github.com/repos//actions/secrets/public-key type=owner
[debug] [2023-04-20T12:18:14.656Z] <<< [apiv2][status] GET https://api.github.com/repos//actions/secrets/public-key 404
[debug] [2023-04-20T12:18:14.656Z] <<< [apiv2][body] GET https://api.github.com/repos//actions/secrets/public-key {"message":"Not Found","documentation_url":"https://docs.github.com/rest"}
[info] 
[info] 
[error] !  The provided authorization cannot be used with this repository. If this repository is in an organization, did you remember to grant access? 
[info] 
[info] i  Action required: Visit this URL to ensure access has been granted to the appropriate organization(s) for the Firebase CLI GitHub OAuth App: 
[info] https://github.com/settings/connections/applications/89cf50f02ac6aaed3484
[info] 
[debug] [2023-04-20T12:18:15.408Z] >>> [apiv2][query] GET https://api.github.com/repos//actions/secrets/public-key type=owner
[debug] [2023-04-20T12:18:15.906Z] <<< [apiv2][status] GET https://api.github.com/repos//actions/secrets/public-key 404
[debug] [2023-04-20T12:18:15.907Z] <<< [apiv2][body] GET https://api.github.com/repos//actions/secrets/public-key {"message":"Not Found","documentation_url":"https://docs.github.com/rest"}
[info] 
[info] 
[error] !  The provided authorization cannot be used with this repository. If this repository is in an organization, did you remember to grant access? 
[info] 
[info] i  Action required: Visit this URL to ensure access has been granted to the appropriate organization(s) for the Firebase CLI GitHub OAuth App: 
[info] https://github.com/settings/connections/applications/89cf50f02ac6aaed3484
[info] 
